<?xml version="1.0" encoding="UTF-8"?>
<testsuite xmlns:xsi="http://www.w3.org/2001/XMLSchema-instance" xsi:noNamespaceSchemaLocation="https://maven.apache.org/surefire/maven-surefire-plugin/xsd/surefire-test-report.xsd" name="com.koleftiflabs.hackerinresidence.HackerinresidenceApplicationTests" time="8.984" tests="1" errors="0" skipped="0" failures="0">
  <properties>
    <property name="sun.desktop" value="gnome"/>
    <property name="awt.toolkit" value="sun.awt.X11.XToolkit"/>
    <property name="file.encoding.pkg" value="sun.io"/>
    <property name="java.specification.version" value="1.8"/>
    <property name="sun.cpu.isalist" value=""/>
    <property name="sun.jnu.encoding" value="UTF-8"/>
    <property name="java.class.path" value="/home/cenk/Desktop/KolektifLABS/hackerinresidence/target/test-classes:/home/cenk/Desktop/KolektifLABS/hackerinresidence/target/classes:/home/cenk/.m2/repository/org/springframework/boot/spring-boot-starter-data-jpa/2.2.0.BUILD-SNAPSHOT/spring-boot-starter-data-jpa-2.2.0.BUILD-SNAPSHOT.jar:/home/cenk/.m2/repository/org/springframework/boot/spring-boot-starter-aop/2.2.0.BUILD-SNAPSHOT/spring-boot-starter-aop-2.2.0.BUILD-SNAPSHOT.jar:/home/cenk/.m2/repository/org/aspectj/aspectjweaver/1.9.2/aspectjweaver-1.9.2.jar:/home/cenk/.m2/repository/org/springframework/boot/spring-boot-starter-jdbc/2.2.0.BUILD-SNAPSHOT/spring-boot-starter-jdbc-2.2.0.BUILD-SNAPSHOT.jar:/home/cenk/.m2/repository/com/zaxxer/HikariCP/3.3.1/HikariCP-3.3.1.jar:/home/cenk/.m2/repository/org/springframework/spring-jdbc/5.2.0.BUILD-SNAPSHOT/spring-jdbc-5.2.0.BUILD-SNAPSHOT.jar:/home/cenk/.m2/repository/jakarta/activation/jakarta.activation-api/1.2.1/jakarta.activation-api-1.2.1.jar:/home/cenk/.m2/repository/jakarta/persistence/jakarta.persistence-api/2.2.2/jakarta.persistence-api-2.2.2.jar:/home/cenk/.m2/repository/jakarta/transaction/jakarta.transaction-api/1.3.2/jakarta.transaction-api-1.3.2.jar:/home/cenk/.m2/repository/org/hibernate/hibernate-core/5.4.0.Final/hibernate-core-5.4.0.Final.jar:/home/cenk/.m2/repository/org/jboss/logging/jboss-logging/3.3.2.Final/jboss-logging-3.3.2.Final.jar:/home/cenk/.m2/repository/org/javassist/javassist/3.24.0-GA/javassist-3.24.0-GA.jar:/home/cenk/.m2/repository/net/bytebuddy/byte-buddy/1.9.10/byte-buddy-1.9.10.jar:/home/cenk/.m2/repository/antlr/antlr/2.7.7/antlr-2.7.7.jar:/home/cenk/.m2/repository/org/jboss/jandex/2.0.5.Final/jandex-2.0.5.Final.jar:/home/cenk/.m2/repository/org/dom4j/dom4j/2.1.1/dom4j-2.1.1.jar:/home/cenk/.m2/repository/org/hibernate/common/hibernate-commons-annotations/5.1.0.Final/hibernate-commons-annotations-5.1.0.Final.jar:/home/cenk/.m2/repository/org/glassfish/jaxb/jaxb-runtime/2.3.2/jaxb-runtime-2.3.2.jar:/home/cenk/.m2/repository/org/glassfish/jaxb/txw2/2.3.2/txw2-2.3.2.jar:/home/cenk/.m2/repository/com/sun/istack/istack-commons-runtime/3.0.8/istack-commons-runtime-3.0.8.jar:/home/cenk/.m2/repository/org/jvnet/staxex/stax-ex/1.8.1/stax-ex-1.8.1.jar:/home/cenk/.m2/repository/com/sun/xml/fastinfoset/FastInfoset/1.2.16/FastInfoset-1.2.16.jar:/home/cenk/.m2/repository/org/springframework/data/spring-data-jpa/2.2.0.M2/spring-data-jpa-2.2.0.M2.jar:/home/cenk/.m2/repository/org/springframework/data/spring-data-commons/2.2.0.M2/spring-data-commons-2.2.0.M2.jar:/home/cenk/.m2/repository/org/springframework/spring-orm/5.2.0.BUILD-SNAPSHOT/spring-orm-5.2.0.BUILD-SNAPSHOT.jar:/home/cenk/.m2/repository/org/springframework/spring-tx/5.2.0.BUILD-SNAPSHOT/spring-tx-5.2.0.BUILD-SNAPSHOT.jar:/home/cenk/.m2/repository/org/springframework/spring-aspects/5.2.0.BUILD-SNAPSHOT/spring-aspects-5.2.0.BUILD-SNAPSHOT.jar:/home/cenk/.m2/repository/org/springframework/boot/spring-boot-starter-web/2.2.0.BUILD-SNAPSHOT/spring-boot-starter-web-2.2.0.BUILD-SNAPSHOT.jar:/home/cenk/.m2/repository/org/springframework/boot/spring-boot-starter/2.2.0.BUILD-SNAPSHOT/spring-boot-starter-2.2.0.BUILD-SNAPSHOT.jar:/home/cenk/.m2/repository/org/springframework/boot/spring-boot-starter-logging/2.2.0.BUILD-SNAPSHOT/spring-boot-starter-logging-2.2.0.BUILD-SNAPSHOT.jar:/home/cenk/.m2/repository/ch/qos/logback/logback-classic/1.2.3/logback-classic-1.2.3.jar:/home/cenk/.m2/repository/ch/qos/logback/logback-core/1.2.3/logback-core-1.2.3.jar:/home/cenk/.m2/repository/org/apache/logging/log4j/log4j-to-slf4j/2.11.2/log4j-to-slf4j-2.11.2.jar:/home/cenk/.m2/repository/org/apache/logging/log4j/log4j-api/2.11.2/log4j-api-2.11.2.jar:/home/cenk/.m2/repository/org/slf4j/jul-to-slf4j/1.7.26/jul-to-slf4j-1.7.26.jar:/home/cenk/.m2/repository/jakarta/annotation/jakarta.annotation-api/1.3.4/jakarta.annotation-api-1.3.4.jar:/home/cenk/.m2/repository/org/yaml/snakeyaml/1.24/snakeyaml-1.24.jar:/home/cenk/.m2/repository/org/springframework/boot/spring-boot-starter-json/2.2.0.BUILD-SNAPSHOT/spring-boot-starter-json-2.2.0.BUILD-SNAPSHOT.jar:/home/cenk/.m2/repository/com/fasterxml/jackson/core/jackson-databind/2.9.8/jackson-databind-2.9.8.jar:/home/cenk/.m2/repository/com/fasterxml/jackson/core/jackson-core/2.9.8/jackson-core-2.9.8.jar:/home/cenk/.m2/repository/com/fasterxml/jackson/datatype/jackson-datatype-jdk8/2.9.8/jackson-datatype-jdk8-2.9.8.jar:/home/cenk/.m2/repository/com/fasterxml/jackson/datatype/jackson-datatype-jsr310/2.9.8/jackson-datatype-jsr310-2.9.8.jar:/home/cenk/.m2/repository/com/fasterxml/jackson/module/jackson-module-parameter-names/2.9.8/jackson-module-parameter-names-2.9.8.jar:/home/cenk/.m2/repository/org/springframework/boot/spring-boot-starter-tomcat/2.2.0.BUILD-SNAPSHOT/spring-boot-starter-tomcat-2.2.0.BUILD-SNAPSHOT.jar:/home/cenk/.m2/repository/org/apache/tomcat/embed/tomcat-embed-core/9.0.16/tomcat-embed-core-9.0.16.jar:/home/cenk/.m2/repository/org/apache/tomcat/embed/tomcat-embed-el/9.0.16/tomcat-embed-el-9.0.16.jar:/home/cenk/.m2/repository/org/apache/tomcat/embed/tomcat-embed-websocket/9.0.16/tomcat-embed-websocket-9.0.16.jar:/home/cenk/.m2/repository/org/springframework/boot/spring-boot-starter-validation/2.2.0.BUILD-SNAPSHOT/spring-boot-starter-validation-2.2.0.BUILD-SNAPSHOT.jar:/home/cenk/.m2/repository/jakarta/validation/jakarta.validation-api/2.0.1/jakarta.validation-api-2.0.1.jar:/home/cenk/.m2/repository/org/hibernate/validator/hibernate-validator/6.0.15.Final/hibernate-validator-6.0.15.Final.jar:/home/cenk/.m2/repository/org/springframework/spring-web/5.2.0.BUILD-SNAPSHOT/spring-web-5.2.0.BUILD-SNAPSHOT.jar:/home/cenk/.m2/repository/org/springframework/spring-webmvc/5.2.0.BUILD-SNAPSHOT/spring-webmvc-5.2.0.BUILD-SNAPSHOT.jar:/home/cenk/.m2/repository/org/springframework/spring-expression/5.2.0.BUILD-SNAPSHOT/spring-expression-5.2.0.BUILD-SNAPSHOT.jar:/home/cenk/.m2/repository/org/springframework/boot/spring-boot-devtools/2.2.0.BUILD-SNAPSHOT/spring-boot-devtools-2.2.0.BUILD-SNAPSHOT.jar:/home/cenk/.m2/repository/org/springframework/boot/spring-boot/2.2.0.BUILD-SNAPSHOT/spring-boot-2.2.0.BUILD-SNAPSHOT.jar:/home/cenk/.m2/repository/org/springframework/boot/spring-boot-autoconfigure/2.2.0.BUILD-SNAPSHOT/spring-boot-autoconfigure-2.2.0.BUILD-SNAPSHOT.jar:/home/cenk/.m2/repository/com/h2database/h2/1.4.198/h2-1.4.198.jar:/home/cenk/.m2/repository/org/projectlombok/lombok/1.18.6/lombok-1.18.6.jar:/home/cenk/.m2/repository/org/springframework/boot/spring-boot-starter-test/2.2.0.BUILD-SNAPSHOT/spring-boot-starter-test-2.2.0.BUILD-SNAPSHOT.jar:/home/cenk/.m2/repository/org/springframework/boot/spring-boot-test/2.2.0.BUILD-SNAPSHOT/spring-boot-test-2.2.0.BUILD-SNAPSHOT.jar:/home/cenk/.m2/repository/org/springframework/boot/spring-boot-test-autoconfigure/2.2.0.BUILD-SNAPSHOT/spring-boot-test-autoconfigure-2.2.0.BUILD-SNAPSHOT.jar:/home/cenk/.m2/repository/com/jayway/jsonpath/json-path/2.4.0/json-path-2.4.0.jar:/home/cenk/.m2/repository/net/minidev/json-smart/2.3/json-smart-2.3.jar:/home/cenk/.m2/repository/net/minidev/accessors-smart/1.2/accessors-smart-1.2.jar:/home/cenk/.m2/repository/org/ow2/asm/asm/5.0.4/asm-5.0.4.jar:/home/cenk/.m2/repository/jakarta/xml/bind/jakarta.xml.bind-api/2.3.2/jakarta.xml.bind-api-2.3.2.jar:/home/cenk/.m2/repository/junit/junit/4.12/junit-4.12.jar:/home/cenk/.m2/repository/org/assertj/assertj-core/3.12.1/assertj-core-3.12.1.jar:/home/cenk/.m2/repository/org/hamcrest/hamcrest-core/1.3/hamcrest-core-1.3.jar:/home/cenk/.m2/repository/org/hamcrest/hamcrest-library/1.3/hamcrest-library-1.3.jar:/home/cenk/.m2/repository/org/mockito/mockito-core/2.25.0/mockito-core-2.25.0.jar:/home/cenk/.m2/repository/net/bytebuddy/byte-buddy-agent/1.9.10/byte-buddy-agent-1.9.10.jar:/home/cenk/.m2/repository/org/objenesis/objenesis/2.6/objenesis-2.6.jar:/home/cenk/.m2/repository/org/skyscreamer/jsonassert/1.5.0/jsonassert-1.5.0.jar:/home/cenk/.m2/repository/com/vaadin/external/google/android-json/0.0.20131108.vaadin1/android-json-0.0.20131108.vaadin1.jar:/home/cenk/.m2/repository/org/springframework/spring-core/5.2.0.BUILD-SNAPSHOT/spring-core-5.2.0.BUILD-SNAPSHOT.jar:/home/cenk/.m2/repository/org/springframework/spring-jcl/5.2.0.BUILD-SNAPSHOT/spring-jcl-5.2.0.BUILD-SNAPSHOT.jar:/home/cenk/.m2/repository/org/springframework/spring-test/5.2.0.BUILD-SNAPSHOT/spring-test-5.2.0.BUILD-SNAPSHOT.jar:/home/cenk/.m2/repository/org/xmlunit/xmlunit-core/2.6.2/xmlunit-core-2.6.2.jar:/home/cenk/.m2/repository/io/springfox/springfox-swagger2/2.8.0/springfox-swagger2-2.8.0.jar:/home/cenk/.m2/repository/io/swagger/swagger-annotations/1.5.14/swagger-annotations-1.5.14.jar:/home/cenk/.m2/repository/io/swagger/swagger-models/1.5.14/swagger-models-1.5.14.jar:/home/cenk/.m2/repository/com/fasterxml/jackson/core/jackson-annotations/2.9.0/jackson-annotations-2.9.0.jar:/home/cenk/.m2/repository/io/springfox/springfox-spi/2.8.0/springfox-spi-2.8.0.jar:/home/cenk/.m2/repository/io/springfox/springfox-core/2.8.0/springfox-core-2.8.0.jar:/home/cenk/.m2/repository/io/springfox/springfox-schema/2.8.0/springfox-schema-2.8.0.jar:/home/cenk/.m2/repository/io/springfox/springfox-swagger-common/2.8.0/springfox-swagger-common-2.8.0.jar:/home/cenk/.m2/repository/io/springfox/springfox-spring-web/2.8.0/springfox-spring-web-2.8.0.jar:/home/cenk/.m2/repository/org/reflections/reflections/0.9.11/reflections-0.9.11.jar:/home/cenk/.m2/repository/com/google/guava/guava/20.0/guava-20.0.jar:/home/cenk/.m2/repository/com/fasterxml/classmate/1.4.0/classmate-1.4.0.jar:/home/cenk/.m2/repository/org/slf4j/slf4j-api/1.7.26/slf4j-api-1.7.26.jar:/home/cenk/.m2/repository/org/springframework/plugin/spring-plugin-metadata/2.0.0.M1/spring-plugin-metadata-2.0.0.M1.jar:/home/cenk/.m2/repository/io/springfox/springfox-swagger-ui/2.8.0/springfox-swagger-ui-2.8.0.jar:/home/cenk/.m2/repository/org/modelmapper/modelmapper/2.3.0/modelmapper-2.3.0.jar:/home/cenk/.m2/repository/org/mapstruct/mapstruct/1.0.0.Final/mapstruct-1.0.0.Final.jar:/home/cenk/.m2/repository/org/jetbrains/annotations/17.0.0/annotations-17.0.0.jar:/home/cenk/.m2/repository/org/springframework/plugin/spring-plugin-core/1.2.0.RELEASE/spring-plugin-core-1.2.0.RELEASE.jar:/home/cenk/.m2/repository/org/springframework/spring-beans/5.2.0.BUILD-SNAPSHOT/spring-beans-5.2.0.BUILD-SNAPSHOT.jar:/home/cenk/.m2/repository/org/springframework/spring-context/5.2.0.BUILD-SNAPSHOT/spring-context-5.2.0.BUILD-SNAPSHOT.jar:/home/cenk/.m2/repository/org/springframework/spring-aop/5.2.0.BUILD-SNAPSHOT/spring-aop-5.2.0.BUILD-SNAPSHOT.jar:"/>
    <property name="java.vm.vendor" value="Oracle Corporation"/>
    <property name="sun.arch.data.model" value="64"/>
    <property name="java.vendor.url" value="http://java.oracle.com/"/>
    <property name="user.timezone" value=""/>
    <property name="java.vm.specification.version" value="1.8"/>
    <property name="os.name" value="Linux"/>
    <property name="user.country" value="US"/>
    <property name="sun.java.launcher" value="SUN_STANDARD"/>
    <property name="sun.boot.library.path" value="/usr/lib/jvm/java-8-openjdk-amd64/jre/lib/amd64"/>
    <property name="sun.java.command" value="/home/cenk/Desktop/KolektifLABS/hackerinresidence/target/surefire/surefirebooter8816290713871098341.jar /home/cenk/Desktop/KolektifLABS/hackerinresidence/target/surefire 2019-03-26T01-29-17_046-jvmRun1 surefire4952774505368076979tmp surefire_03287662963861786674tmp"/>
    <property name="surefire.test.class.path" value="/home/cenk/Desktop/KolektifLABS/hackerinresidence/target/test-classes:/home/cenk/Desktop/KolektifLABS/hackerinresidence/target/classes:/home/cenk/.m2/repository/org/springframework/boot/spring-boot-starter-data-jpa/2.2.0.BUILD-SNAPSHOT/spring-boot-starter-data-jpa-2.2.0.BUILD-SNAPSHOT.jar:/home/cenk/.m2/repository/org/springframework/boot/spring-boot-starter-aop/2.2.0.BUILD-SNAPSHOT/spring-boot-starter-aop-2.2.0.BUILD-SNAPSHOT.jar:/home/cenk/.m2/repository/org/aspectj/aspectjweaver/1.9.2/aspectjweaver-1.9.2.jar:/home/cenk/.m2/repository/org/springframework/boot/spring-boot-starter-jdbc/2.2.0.BUILD-SNAPSHOT/spring-boot-starter-jdbc-2.2.0.BUILD-SNAPSHOT.jar:/home/cenk/.m2/repository/com/zaxxer/HikariCP/3.3.1/HikariCP-3.3.1.jar:/home/cenk/.m2/repository/org/springframework/spring-jdbc/5.2.0.BUILD-SNAPSHOT/spring-jdbc-5.2.0.BUILD-SNAPSHOT.jar:/home/cenk/.m2/repository/jakarta/activation/jakarta.activation-api/1.2.1/jakarta.activation-api-1.2.1.jar:/home/cenk/.m2/repository/jakarta/persistence/jakarta.persistence-api/2.2.2/jakarta.persistence-api-2.2.2.jar:/home/cenk/.m2/repository/jakarta/transaction/jakarta.transaction-api/1.3.2/jakarta.transaction-api-1.3.2.jar:/home/cenk/.m2/repository/org/hibernate/hibernate-core/5.4.0.Final/hibernate-core-5.4.0.Final.jar:/home/cenk/.m2/repository/org/jboss/logging/jboss-logging/3.3.2.Final/jboss-logging-3.3.2.Final.jar:/home/cenk/.m2/repository/org/javassist/javassist/3.24.0-GA/javassist-3.24.0-GA.jar:/home/cenk/.m2/repository/net/bytebuddy/byte-buddy/1.9.10/byte-buddy-1.9.10.jar:/home/cenk/.m2/repository/antlr/antlr/2.7.7/antlr-2.7.7.jar:/home/cenk/.m2/repository/org/jboss/jandex/2.0.5.Final/jandex-2.0.5.Final.jar:/home/cenk/.m2/repository/org/dom4j/dom4j/2.1.1/dom4j-2.1.1.jar:/home/cenk/.m2/repository/org/hibernate/common/hibernate-commons-annotations/5.1.0.Final/hibernate-commons-annotations-5.1.0.Final.jar:/home/cenk/.m2/repository/org/glassfish/jaxb/jaxb-runtime/2.3.2/jaxb-runtime-2.3.2.jar:/home/cenk/.m2/repository/org/glassfish/jaxb/txw2/2.3.2/txw2-2.3.2.jar:/home/cenk/.m2/repository/com/sun/istack/istack-commons-runtime/3.0.8/istack-commons-runtime-3.0.8.jar:/home/cenk/.m2/repository/org/jvnet/staxex/stax-ex/1.8.1/stax-ex-1.8.1.jar:/home/cenk/.m2/repository/com/sun/xml/fastinfoset/FastInfoset/1.2.16/FastInfoset-1.2.16.jar:/home/cenk/.m2/repository/org/springframework/data/spring-data-jpa/2.2.0.M2/spring-data-jpa-2.2.0.M2.jar:/home/cenk/.m2/repository/org/springframework/data/spring-data-commons/2.2.0.M2/spring-data-commons-2.2.0.M2.jar:/home/cenk/.m2/repository/org/springframework/spring-orm/5.2.0.BUILD-SNAPSHOT/spring-orm-5.2.0.BUILD-SNAPSHOT.jar:/home/cenk/.m2/repository/org/springframework/spring-tx/5.2.0.BUILD-SNAPSHOT/spring-tx-5.2.0.BUILD-SNAPSHOT.jar:/home/cenk/.m2/repository/org/springframework/spring-aspects/5.2.0.BUILD-SNAPSHOT/spring-aspects-5.2.0.BUILD-SNAPSHOT.jar:/home/cenk/.m2/repository/org/springframework/boot/spring-boot-starter-web/2.2.0.BUILD-SNAPSHOT/spring-boot-starter-web-2.2.0.BUILD-SNAPSHOT.jar:/home/cenk/.m2/repository/org/springframework/boot/spring-boot-starter/2.2.0.BUILD-SNAPSHOT/spring-boot-starter-2.2.0.BUILD-SNAPSHOT.jar:/home/cenk/.m2/repository/org/springframework/boot/spring-boot-starter-logging/2.2.0.BUILD-SNAPSHOT/spring-boot-starter-logging-2.2.0.BUILD-SNAPSHOT.jar:/home/cenk/.m2/repository/ch/qos/logback/logback-classic/1.2.3/logback-classic-1.2.3.jar:/home/cenk/.m2/repository/ch/qos/logback/logback-core/1.2.3/logback-core-1.2.3.jar:/home/cenk/.m2/repository/org/apache/logging/log4j/log4j-to-slf4j/2.11.2/log4j-to-slf4j-2.11.2.jar:/home/cenk/.m2/repository/org/apache/logging/log4j/log4j-api/2.11.2/log4j-api-2.11.2.jar:/home/cenk/.m2/repository/org/slf4j/jul-to-slf4j/1.7.26/jul-to-slf4j-1.7.26.jar:/home/cenk/.m2/repository/jakarta/annotation/jakarta.annotation-api/1.3.4/jakarta.annotation-api-1.3.4.jar:/home/cenk/.m2/repository/org/yaml/snakeyaml/1.24/snakeyaml-1.24.jar:/home/cenk/.m2/repository/org/springframework/boot/spring-boot-starter-json/2.2.0.BUILD-SNAPSHOT/spring-boot-starter-json-2.2.0.BUILD-SNAPSHOT.jar:/home/cenk/.m2/repository/com/fasterxml/jackson/core/jackson-databind/2.9.8/jackson-databind-2.9.8.jar:/home/cenk/.m2/repository/com/fasterxml/jackson/core/jackson-core/2.9.8/jackson-core-2.9.8.jar:/home/cenk/.m2/repository/com/fasterxml/jackson/datatype/jackson-datatype-jdk8/2.9.8/jackson-datatype-jdk8-2.9.8.jar:/home/cenk/.m2/repository/com/fasterxml/jackson/datatype/jackson-datatype-jsr310/2.9.8/jackson-datatype-jsr310-2.9.8.jar:/home/cenk/.m2/repository/com/fasterxml/jackson/module/jackson-module-parameter-names/2.9.8/jackson-module-parameter-names-2.9.8.jar:/home/cenk/.m2/repository/org/springframework/boot/spring-boot-starter-tomcat/2.2.0.BUILD-SNAPSHOT/spring-boot-starter-tomcat-2.2.0.BUILD-SNAPSHOT.jar:/home/cenk/.m2/repository/org/apache/tomcat/embed/tomcat-embed-core/9.0.16/tomcat-embed-core-9.0.16.jar:/home/cenk/.m2/repository/org/apache/tomcat/embed/tomcat-embed-el/9.0.16/tomcat-embed-el-9.0.16.jar:/home/cenk/.m2/repository/org/apache/tomcat/embed/tomcat-embed-websocket/9.0.16/tomcat-embed-websocket-9.0.16.jar:/home/cenk/.m2/repository/org/springframework/boot/spring-boot-starter-validation/2.2.0.BUILD-SNAPSHOT/spring-boot-starter-validation-2.2.0.BUILD-SNAPSHOT.jar:/home/cenk/.m2/repository/jakarta/validation/jakarta.validation-api/2.0.1/jakarta.validation-api-2.0.1.jar:/home/cenk/.m2/repository/org/hibernate/validator/hibernate-validator/6.0.15.Final/hibernate-validator-6.0.15.Final.jar:/home/cenk/.m2/repository/org/springframework/spring-web/5.2.0.BUILD-SNAPSHOT/spring-web-5.2.0.BUILD-SNAPSHOT.jar:/home/cenk/.m2/repository/org/springframework/spring-webmvc/5.2.0.BUILD-SNAPSHOT/spring-webmvc-5.2.0.BUILD-SNAPSHOT.jar:/home/cenk/.m2/repository/org/springframework/spring-expression/5.2.0.BUILD-SNAPSHOT/spring-expression-5.2.0.BUILD-SNAPSHOT.jar:/home/cenk/.m2/repository/org/springframework/boot/spring-boot-devtools/2.2.0.BUILD-SNAPSHOT/spring-boot-devtools-2.2.0.BUILD-SNAPSHOT.jar:/home/cenk/.m2/repository/org/springframework/boot/spring-boot/2.2.0.BUILD-SNAPSHOT/spring-boot-2.2.0.BUILD-SNAPSHOT.jar:/home/cenk/.m2/repository/org/springframework/boot/spring-boot-autoconfigure/2.2.0.BUILD-SNAPSHOT/spring-boot-autoconfigure-2.2.0.BUILD-SNAPSHOT.jar:/home/cenk/.m2/repository/com/h2database/h2/1.4.198/h2-1.4.198.jar:/home/cenk/.m2/repository/org/projectlombok/lombok/1.18.6/lombok-1.18.6.jar:/home/cenk/.m2/repository/org/springframework/boot/spring-boot-starter-test/2.2.0.BUILD-SNAPSHOT/spring-boot-starter-test-2.2.0.BUILD-SNAPSHOT.jar:/home/cenk/.m2/repository/org/springframework/boot/spring-boot-test/2.2.0.BUILD-SNAPSHOT/spring-boot-test-2.2.0.BUILD-SNAPSHOT.jar:/home/cenk/.m2/repository/org/springframework/boot/spring-boot-test-autoconfigure/2.2.0.BUILD-SNAPSHOT/spring-boot-test-autoconfigure-2.2.0.BUILD-SNAPSHOT.jar:/home/cenk/.m2/repository/com/jayway/jsonpath/json-path/2.4.0/json-path-2.4.0.jar:/home/cenk/.m2/repository/net/minidev/json-smart/2.3/json-smart-2.3.jar:/home/cenk/.m2/repository/net/minidev/accessors-smart/1.2/accessors-smart-1.2.jar:/home/cenk/.m2/repository/org/ow2/asm/asm/5.0.4/asm-5.0.4.jar:/home/cenk/.m2/repository/jakarta/xml/bind/jakarta.xml.bind-api/2.3.2/jakarta.xml.bind-api-2.3.2.jar:/home/cenk/.m2/repository/junit/junit/4.12/junit-4.12.jar:/home/cenk/.m2/repository/org/assertj/assertj-core/3.12.1/assertj-core-3.12.1.jar:/home/cenk/.m2/repository/org/hamcrest/hamcrest-core/1.3/hamcrest-core-1.3.jar:/home/cenk/.m2/repository/org/hamcrest/hamcrest-library/1.3/hamcrest-library-1.3.jar:/home/cenk/.m2/repository/org/mockito/mockito-core/2.25.0/mockito-core-2.25.0.jar:/home/cenk/.m2/repository/net/bytebuddy/byte-buddy-agent/1.9.10/byte-buddy-agent-1.9.10.jar:/home/cenk/.m2/repository/org/objenesis/objenesis/2.6/objenesis-2.6.jar:/home/cenk/.m2/repository/org/skyscreamer/jsonassert/1.5.0/jsonassert-1.5.0.jar:/home/cenk/.m2/repository/com/vaadin/external/google/android-json/0.0.20131108.vaadin1/android-json-0.0.20131108.vaadin1.jar:/home/cenk/.m2/repository/org/springframework/spring-core/5.2.0.BUILD-SNAPSHOT/spring-core-5.2.0.BUILD-SNAPSHOT.jar:/home/cenk/.m2/repository/org/springframework/spring-jcl/5.2.0.BUILD-SNAPSHOT/spring-jcl-5.2.0.BUILD-SNAPSHOT.jar:/home/cenk/.m2/repository/org/springframework/spring-test/5.2.0.BUILD-SNAPSHOT/spring-test-5.2.0.BUILD-SNAPSHOT.jar:/home/cenk/.m2/repository/org/xmlunit/xmlunit-core/2.6.2/xmlunit-core-2.6.2.jar:/home/cenk/.m2/repository/io/springfox/springfox-swagger2/2.8.0/springfox-swagger2-2.8.0.jar:/home/cenk/.m2/repository/io/swagger/swagger-annotations/1.5.14/swagger-annotations-1.5.14.jar:/home/cenk/.m2/repository/io/swagger/swagger-models/1.5.14/swagger-models-1.5.14.jar:/home/cenk/.m2/repository/com/fasterxml/jackson/core/jackson-annotations/2.9.0/jackson-annotations-2.9.0.jar:/home/cenk/.m2/repository/io/springfox/springfox-spi/2.8.0/springfox-spi-2.8.0.jar:/home/cenk/.m2/repository/io/springfox/springfox-core/2.8.0/springfox-core-2.8.0.jar:/home/cenk/.m2/repository/io/springfox/springfox-schema/2.8.0/springfox-schema-2.8.0.jar:/home/cenk/.m2/repository/io/springfox/springfox-swagger-common/2.8.0/springfox-swagger-common-2.8.0.jar:/home/cenk/.m2/repository/io/springfox/springfox-spring-web/2.8.0/springfox-spring-web-2.8.0.jar:/home/cenk/.m2/repository/org/reflections/reflections/0.9.11/reflections-0.9.11.jar:/home/cenk/.m2/repository/com/google/guava/guava/20.0/guava-20.0.jar:/home/cenk/.m2/repository/com/fasterxml/classmate/1.4.0/classmate-1.4.0.jar:/home/cenk/.m2/repository/org/slf4j/slf4j-api/1.7.26/slf4j-api-1.7.26.jar:/home/cenk/.m2/repository/org/springframework/plugin/spring-plugin-metadata/2.0.0.M1/spring-plugin-metadata-2.0.0.M1.jar:/home/cenk/.m2/repository/io/springfox/springfox-swagger-ui/2.8.0/springfox-swagger-ui-2.8.0.jar:/home/cenk/.m2/repository/org/modelmapper/modelmapper/2.3.0/modelmapper-2.3.0.jar:/home/cenk/.m2/repository/org/mapstruct/mapstruct/1.0.0.Final/mapstruct-1.0.0.Final.jar:/home/cenk/.m2/repository/org/jetbrains/annotations/17.0.0/annotations-17.0.0.jar:/home/cenk/.m2/repository/org/springframework/plugin/spring-plugin-core/1.2.0.RELEASE/spring-plugin-core-1.2.0.RELEASE.jar:/home/cenk/.m2/repository/org/springframework/spring-beans/5.2.0.BUILD-SNAPSHOT/spring-beans-5.2.0.BUILD-SNAPSHOT.jar:/home/cenk/.m2/repository/org/springframework/spring-context/5.2.0.BUILD-SNAPSHOT/spring-context-5.2.0.BUILD-SNAPSHOT.jar:/home/cenk/.m2/repository/org/springframework/spring-aop/5.2.0.BUILD-SNAPSHOT/spring-aop-5.2.0.BUILD-SNAPSHOT.jar:"/>
    <property name="sun.cpu.endian" value="little"/>
    <property name="user.home" value="/home/cenk"/>
    <property name="user.language" value="en"/>
    <property name="java.specification.vendor" value="Oracle Corporation"/>
    <property name="java.home" value="/usr/lib/jvm/java-8-openjdk-amd64/jre"/>
    <property name="basedir" value="/home/cenk/Desktop/KolektifLABS/hackerinresidence"/>
    <property name="file.separator" value="/"/>
    <property name="line.separator" value="&#10;"/>
    <property name="java.vm.specification.vendor" value="Oracle Corporation"/>
    <property name="java.specification.name" value="Java Platform API Specification"/>
    <property name="java.awt.graphicsenv" value="sun.awt.X11GraphicsEnvironment"/>
    <property name="surefire.real.class.path" value="/home/cenk/Desktop/KolektifLABS/hackerinresidence/target/surefire/surefirebooter8816290713871098341.jar"/>
    <property name="sun.boot.class.path" value="/usr/lib/jvm/java-8-openjdk-amd64/jre/lib/resources.jar:/usr/lib/jvm/java-8-openjdk-amd64/jre/lib/rt.jar:/usr/lib/jvm/java-8-openjdk-amd64/jre/lib/sunrsasign.jar:/usr/lib/jvm/java-8-openjdk-amd64/jre/lib/jsse.jar:/usr/lib/jvm/java-8-openjdk-amd64/jre/lib/jce.jar:/usr/lib/jvm/java-8-openjdk-amd64/jre/lib/charsets.jar:/usr/lib/jvm/java-8-openjdk-amd64/jre/lib/jfr.jar:/usr/lib/jvm/java-8-openjdk-amd64/jre/classes"/>
    <property name="sun.management.compiler" value="HotSpot 64-Bit Tiered Compilers"/>
    <property name="java.runtime.version" value="1.8.0_191-8u191-b12-2ubuntu0.18.04.1-b12"/>
    <property name="user.name" value="cenk"/>
    <property name="path.separator" value=":"/>
    <property name="os.version" value="4.18.0-16-generic"/>
    <property name="java.endorsed.dirs" value="/usr/lib/jvm/java-8-openjdk-amd64/jre/lib/endorsed"/>
    <property name="java.runtime.name" value="OpenJDK Runtime Environment"/>
    <property name="file.encoding" value="UTF-8"/>
    <property name="java.vm.name" value="OpenJDK 64-Bit Server VM"/>
    <property name="localRepository" value="/home/cenk/.m2/repository"/>
    <property name="java.vendor.url.bug" value="http://bugreport.sun.com/bugreport/"/>
    <property name="java.io.tmpdir" value="/tmp"/>
    <property name="java.version" value="1.8.0_191"/>
    <property name="user.dir" value="/home/cenk/Desktop/KolektifLABS/hackerinresidence"/>
    <property name="os.arch" value="amd64"/>
    <property name="java.vm.specification.name" value="Java Virtual Machine Specification"/>
    <property name="java.awt.printerjob" value="sun.print.PSPrinterJob"/>
    <property name="sun.os.patch.level" value="unknown"/>
    <property name="java.library.path" value="/usr/java/packages/lib/amd64:/usr/lib/x86_64-linux-gnu/jni:/lib/x86_64-linux-gnu:/usr/lib/x86_64-linux-gnu:/usr/lib/jni:/lib:/usr/lib"/>
    <property name="java.vm.info" value="mixed mode"/>
    <property name="java.vendor" value="Oracle Corporation"/>
    <property name="java.vm.version" value="25.191-b12"/>
    <property name="java.ext.dirs" value="/usr/lib/jvm/java-8-openjdk-amd64/jre/lib/ext:/usr/java/packages/lib/ext"/>
    <property name="sun.io.unicode.encoding" value="UnicodeLittle"/>
    <property name="java.class.version" value="52.0"/>
  </properties>
  <testcase name="contextLoads" classname="com.koleftiflabs.hackerinresidence.HackerinresidenceApplicationTests" time="0.079"/>
</testsuite>